-outxml
-source
1.6
-target
1.6
-classpath
/Users/firemonk/.m2/repository/aopalliance/aopalliance/1.0/aopalliance-1.0.jar:/Users/firemonk/.m2/repository/backport-util-concurrent/backport-util-concurrent/2.1/backport-util-concurrent-2.1.jar:/Users/firemonk/.m2/repository/cglib/cglib-nodep/2.2/cglib-nodep-2.2.jar:/Users/firemonk/.m2/repository/com/artofsolving/jodconverter/2.2.1/jodconverter-2.2.1.jar:/Users/firemonk/.m2/repository/com/google/code/gson/gson/2.1/gson-2.1.jar:/Users/firemonk/.m2/repository/commons-codec/commons-codec/1.2/commons-codec-1.2.jar:/Users/firemonk/.m2/repository/commons-dbcp/commons-dbcp/1.3/commons-dbcp-1.3.jar:/Users/firemonk/.m2/repository/commons-fileupload/commons-fileupload/1.2.1/commons-fileupload-1.2.1.jar:/Users/firemonk/.m2/repository/commons-httpclient/commons-httpclient/3.1/commons-httpclient-3.1.jar:/Users/firemonk/.m2/repository/commons-io/commons-io/1.3.2/commons-io-1.3.2.jar:/Users/firemonk/.m2/repository/commons-logging/commons-logging/1.0.4/commons-logging-1.0.4.jar:/Users/firemonk/.m2/repository/commons-logging/commons-logging-api/1.1/commons-logging-api-1.1.jar:/Users/firemonk/.m2/repository/commons-pool/commons-pool/1.5.4/commons-pool-1.5.4.jar:/Users/firemonk/.m2/repository/javax/inject/javax.inject/1/javax.inject-1.jar:/Users/firemonk/.m2/repository/javax/servlet/jstl/1.2/jstl-1.2.jar:/Users/firemonk/.m2/repository/javax/servlet/servlet-api/2.5/servlet-api-2.5.jar:/Users/firemonk/.m2/repository/javax/servlet/jsp/jsp-api/2.1/jsp-api-2.1.jar:/Users/firemonk/.m2/repository/javax/transaction/jta/1.1/jta-1.1.jar:/Users/firemonk/.m2/repository/javax/validation/validation-api/1.0.0.GA/validation-api-1.0.0.GA.jar:/Users/firemonk/.m2/repository/log4j/apache-log4j-extras/1.0/apache-log4j-extras-1.0.jar:/Users/firemonk/.m2/repository/log4j/log4j/1.2.16/log4j-1.2.16.jar:/Users/firemonk/.m2/repository/mysql/mysql-connector-java/5.1.13/mysql-connector-java-5.1.13.jar:/Users/firemonk/.m2/repository/net/sf/flexjson/flexjson/2.0/flexjson-2.0.jar:/Users/firemonk/.m2/repository/org/apache/activemq/activeio-core/3.1.0/activeio-core-3.1.0.jar:/Users/firemonk/.m2/repository/org/apache/activemq/activemq-all/5.4.2/activemq-all-5.4.2.jar:/Users/firemonk/.m2/repository/org/apache/activemq/activemq-core/5.2.0/activemq-core-5.2.0.jar:/Users/firemonk/.m2/repository/org/apache/camel/camel-core/1.5.0/camel-core-1.5.0.jar:/Users/firemonk/.m2/repository/org/apache/geronimo/specs/geronimo-j2ee-management_1.0_spec/1.0/geronimo-j2ee-management_1.0_spec-1.0.jar:/Users/firemonk/.m2/repository/org/apache/geronimo/specs/geronimo-jms_1.1_spec/1.1.1/geronimo-jms_1.1_spec-1.1.1.jar:/Users/firemonk/.m2/repository/org/apache/httpcomponents/httpclient/4.0.1/httpclient-4.0.1.jar:/Users/firemonk/.m2/repository/org/apache/httpcomponents/httpcore/4.0.1/httpcore-4.0.1.jar:/Users/firemonk/.m2/repository/org/apache/ibatis/ibatis-sqlmap/2.3.4.726/ibatis-sqlmap-2.3.4.726.jar:/Users/firemonk/.m2/repository/org/aspectj/aspectjrt/1.6.11.M1/aspectjrt-1.6.11.M1.jar:/Users/firemonk/.m2/repository/org/aspectj/aspectjweaver/1.6.11.M1/aspectjweaver-1.6.11.M1.jar:/Users/firemonk/.m2/repository/org/codehaus/castor/castor-core/1.3.1/castor-core-1.3.1.jar:/Users/firemonk/.m2/repository/org/codehaus/castor/castor-xml/1.3.1/castor-xml-1.3.1.jar:/Users/firemonk/.m2/repository/org/hsqldb/hsqldb/1.8.0.10/hsqldb-1.8.0.10.jar:/Users/firemonk/.m2/repository/org/openoffice/juh/2.3.0/juh-2.3.0.jar:/Users/firemonk/.m2/repository/org/openoffice/jurt/2.3.0/jurt-2.3.0.jar:/Users/firemonk/.m2/repository/org/openoffice/ridl/2.3.0/ridl-2.3.0.jar:/Users/firemonk/.m2/repository/org/openoffice/unoil/2.3.0/unoil-2.3.0.jar:/Users/firemonk/.m2/repository/org/slf4j/jcl-over-slf4j/1.6.1/jcl-over-slf4j-1.6.1.jar:/Users/firemonk/.m2/repository/org/slf4j/slf4j-api/1.6.1/slf4j-api-1.6.1.jar:/Users/firemonk/.m2/repository/org/slf4j/slf4j-log4j12/1.6.1/slf4j-log4j12-1.6.1.jar:/Users/firemonk/.m2/repository/org/springframework/spring-aop/3.0.5.RELEASE/spring-aop-3.0.5.RELEASE.jar:/Users/firemonk/.m2/repository/org/springframework/spring-asm/3.0.5.RELEASE/spring-asm-3.0.5.RELEASE.jar:/Users/firemonk/.m2/repository/org/springframework/spring-aspects/3.0.5.RELEASE/spring-aspects-3.0.5.RELEASE.jar:/Users/firemonk/.m2/repository/org/springframework/spring-beans/3.0.5.RELEASE/spring-beans-3.0.5.RELEASE.jar:/Users/firemonk/.m2/repository/org/springframework/spring-context/3.0.5.RELEASE/spring-context-3.0.5.RELEASE.jar:/Users/firemonk/.m2/repository/org/springframework/spring-context-support/3.0.4.RELEASE/spring-context-support-3.0.4.RELEASE.jar:/Users/firemonk/.m2/repository/org/springframework/spring-core/3.0.5.RELEASE/spring-core-3.0.5.RELEASE.jar:/Users/firemonk/.m2/repository/org/springframework/spring-expression/3.0.5.RELEASE/spring-expression-3.0.5.RELEASE.jar:/Users/firemonk/.m2/repository/org/springframework/spring-jdbc/3.0.5.RELEASE/spring-jdbc-3.0.5.RELEASE.jar:/Users/firemonk/.m2/repository/org/springframework/spring-jms/3.0.5.RELEASE/spring-jms-3.0.5.RELEASE.jar:/Users/firemonk/.m2/repository/org/springframework/spring-jms/3.0.5.RELEASE/spring-jms-3.0.5.RELEASE.pom:/Users/firemonk/.m2/repository/org/springframework/spring-orm/3.0.5.RELEASE/spring-orm-3.0.5.RELEASE.jar:/Users/firemonk/.m2/repository/org/springframework/spring-tx/3.0.5.RELEASE/spring-tx-3.0.5.RELEASE.jar:/Users/firemonk/.m2/repository/org/springframework/spring-web/3.0.4.RELEASE/spring-web-3.0.4.RELEASE.jar:/Users/firemonk/.m2/repository/org/springframework/spring-webmvc/3.0.4.RELEASE/spring-webmvc-3.0.4.RELEASE.jar:/Users/firemonk/Documents/MyProjects/server/myWebApp/target/classes
-d
/Users/firemonk/Documents/MyProjects/server/myWebApp/target/classes
/Users/firemonk/Documents/MyProjects/server/myWebApp/src/main/java/com/innowhite/whiteboard/util/MakeExectuable.java
/Users/firemonk/Documents/MyProjects/server/myWebApp/src/main/java/com/innowhite/whiteboard/persistence/IbatisManager.java
/Users/firemonk/Documents/MyProjects/server/myWebApp/src/main/java/com/innowhite/business/ProcessConversion.java
/Users/firemonk/Documents/MyProjects/server/myWebApp/src/main/java/com/innowhite/whiteboard/service/DownloadThread.java
/Users/firemonk/Documents/MyProjects/server/myWebApp/src/main/java/com/innowhite/whiteboard/Servlet/CreateRoomServlet.java
/Users/firemonk/Documents/MyProjects/server/myWebApp/src/main/java/com/innowhite/whiteboard/Servlet/UploadFileServlet.java
/Users/firemonk/Documents/MyProjects/server/myWebApp/src/main/java/com/innowhite/vo/PointVO.java
/Users/firemonk/Documents/MyProjects/server/myWebApp/src/main/java/com/innowhite/whiteboard/Servlet/SessionDetail.java
/Users/firemonk/Documents/MyProjects/server/myWebApp/src/main/java/com/innowhite/whiteboard/persistence/dao/VideoDataDAO.java
/Users/firemonk/Documents/MyProjects/server/myWebApp/src/main/java/com/innowhite/whiteboard/persistence/dao/ClientMediaDAO.java
/Users/firemonk/Documents/MyProjects/server/myWebApp/src/main/java/com/innowhite/business/TimeMaintainerService.java
/Users/firemonk/Documents/MyProjects/server/myWebApp/src/main/java/com/innowhite/documentManager/descriptors/GalleriesDescriptor.java
/Users/firemonk/Documents/MyProjects/server/myWebApp/src/main/java/com/innowhite/db/custom/ImageDAO.java
/Users/firemonk/Documents/MyProjects/server/myWebApp/src/main/java/com/innowhite/whiteboard/util/ServletUtil.java
/Users/firemonk/Documents/MyProjects/server/myWebApp/src/main/java/com/innowhite/whiteboard/service/PlayBackPlayListService.java
/Users/firemonk/Documents/MyProjects/server/myWebApp/src/main/java/com/innowhite/whiteboard/service/LessonPlanXMLService.java
/Users/firemonk/Documents/MyProjects/server/myWebApp/src/main/java/com/innowhite/transformation/messages/AudioRecordMessageProducer.java
/Users/firemonk/Documents/MyProjects/server/myWebApp/src/main/java/com/innowhite/whiteboard/persistence/beans/OrganizationVO.java
/Users/firemonk/Documents/MyProjects/server/myWebApp/src/main/java/com/innowhite/whiteboard/Servlet/InviteServlet.java
/Users/firemonk/Documents/MyProjects/server/myWebApp/src/main/java/com/innowhite/whiteboard/service/ImageService.java
/Users/firemonk/Documents/MyProjects/server/myWebApp/src/main/java/com/innowhite/documentManager/descriptors/ExerciseDescriptor.java
/Users/firemonk/Documents/MyProjects/server/myWebApp/src/main/java/com/innowhite/vo/WhiteboardVideoVO.java
/Users/firemonk/Documents/MyProjects/server/myWebApp/src/main/java/com/innowhite/whiteboard/persistence/beans/WhiteboardDataVO.java
/Users/firemonk/Documents/MyProjects/server/myWebApp/src/main/java/com/innowhite/whiteboard/Servlet/RoomServlet.java
/Users/firemonk/Documents/MyProjects/server/myWebApp/src/main/java/com/innowhite/db/custom/TestDB.java
/Users/firemonk/Documents/MyProjects/server/myWebApp/src/main/java/com/innowhite/vo/WBMisleniousVO.java
/Users/firemonk/Documents/MyProjects/server/myWebApp/src/main/java/com/innowhite/whiteboard/service/RoomService.java
/Users/firemonk/Documents/MyProjects/server/myWebApp/src/main/java/com/innowhite/whiteboard/Servlet/LiveFileUpload.java
/Users/firemonk/Documents/MyProjects/server/myWebApp/src/main/java/com/innowhite/whiteboard/service/ConferenceNumberService.java
/Users/firemonk/Documents/MyProjects/server/myWebApp/src/main/java/com/innowhite/whiteboard/persistence/beans/AudioDataVO.java
/Users/firemonk/Documents/MyProjects/server/myWebApp/src/main/java/com/innowhite/whiteboard/persistence/dao/IWhiteboardAuthenticationDAO.java
/Users/firemonk/Documents/MyProjects/server/myWebApp/src/main/java/com/innowhite/whiteboard/persistence/dao/PlayBackPlayListDAO.java
/Users/firemonk/Documents/MyProjects/server/myWebApp/src/main/java/com/innowhite/test/APITest.java
/Users/firemonk/Documents/MyProjects/server/myWebApp/src/main/java/com/innowhite/whiteboard/service/SAXCopy.java
/Users/firemonk/Documents/MyProjects/server/myWebApp/src/main/java/com/innowhite/whiteboard/Servlet/ViewPreview.java
/Users/firemonk/Documents/MyProjects/server/myWebApp/src/main/java/com/innowhite/whiteboard/util/WhiteBoardUtil.java
/Users/firemonk/Documents/MyProjects/server/myWebApp/src/main/java/com/innowhite/whiteboard/util/InnowhiteConstants.java
/Users/firemonk/Documents/MyProjects/server/myWebApp/src/main/java/com/innowhite/documentManager/descriptors/PresentationsDescriptor.java
/Users/firemonk/Documents/MyProjects/server/myWebApp/src/main/java/com/innowhite/whiteboard/persistence/beans/ConferenceNumbersVO.java
/Users/firemonk/Documents/MyProjects/server/myWebApp/src/main/java/com/innowhite/whiteboard/Servlet/LockRoomServlet.java
/Users/firemonk/Documents/MyProjects/server/myWebApp/src/main/java/com/innowhite/vo/UserListVO.java
/Users/firemonk/Documents/MyProjects/server/myWebApp/src/main/java/com/innowhite/vo/ShapeEventsVO.java
/Users/firemonk/Documents/MyProjects/server/myWebApp/src/main/java/com/innowhite/whiteboard/util/Utility.java
/Users/firemonk/Documents/MyProjects/server/myWebApp/src/main/java/com/innowhite/whiteboard/util/ImageResize.java
/Users/firemonk/Documents/MyProjects/server/myWebApp/src/main/java/com/innowhite/business/DocumentManagement.java
/Users/firemonk/Documents/MyProjects/server/myWebApp/src/main/java/com/innowhite/business/ImageServicess.java
/Users/firemonk/Documents/MyProjects/server/myWebApp/src/main/java/com/innowhite/whiteboard/persistence/beans/RoomVO.java
/Users/firemonk/Documents/MyProjects/server/myWebApp/src/main/java/com/innowhite/whiteboard/persistence/dao/ServerDAO.java
/Users/firemonk/Documents/MyProjects/server/myWebApp/src/main/java/com/innowhite/whiteboard/util/Constants.java
/Users/firemonk/Documents/MyProjects/server/myWebApp/src/main/java/com/innowhite/documentManager/descriptors/PresentationDescriptor.java
/Users/firemonk/Documents/MyProjects/server/myWebApp/src/main/java/com/innowhite/whiteboard/service/SendInviteService.java
/Users/firemonk/Documents/MyProjects/server/myWebApp/src/main/java/com/innowhite/whiteboard/persistence/dao/LiveDocConvDAO.java
/Users/firemonk/Documents/MyProjects/server/myWebApp/src/main/java/com/innowhite/whiteboard/webservice/client/ServiceClientImp.java
/Users/firemonk/Documents/MyProjects/server/myWebApp/src/main/java/com/innowhite/whiteboard/util/SchemaGenerator.java
/Users/firemonk/Documents/MyProjects/server/myWebApp/src/main/java/com/innowhite/vo/VideoDisplayVO.java
/Users/firemonk/Documents/MyProjects/server/myWebApp/src/main/java/com/innowhite/whiteboard/persistence/dao/WBDataDAO.java
/Users/firemonk/Documents/MyProjects/server/myWebApp/src/main/java/com/innowhite/whiteboard/util/RoughPage.java
/Users/firemonk/Documents/MyProjects/server/myWebApp/src/main/java/com/innowhite/documentManager/Gallery.java
/Users/firemonk/Documents/MyProjects/server/myWebApp/src/main/java/com/innowhite/whiteboard/service/RoomHttpservice.java
/Users/firemonk/Documents/MyProjects/server/myWebApp/src/main/java/com/innowhite/whiteboard/persistence/beans/CallBackURLsVO.java
/Users/firemonk/Documents/MyProjects/server/myWebApp/src/main/java/com/innowhite/whiteboard/Servlet/DeleteDocumentServlet.java
/Users/firemonk/Documents/MyProjects/server/myWebApp/src/main/java/com/innowhite/whiteboard/Servlet/StreamServlet.java
/Users/firemonk/Documents/MyProjects/server/myWebApp/src/main/java/com/innowhite/whiteboard/Servlet/DeleteSession.java
/Users/firemonk/Documents/MyProjects/server/myWebApp/src/main/java/com/innowhite/whiteboard/service/TimeService.java
/Users/firemonk/Documents/MyProjects/server/myWebApp/src/main/java/com/innowhite/whiteboard/persistence/dao/LessonPlanXMLDAO.java
/Users/firemonk/Documents/MyProjects/server/myWebApp/src/main/java/com/innowhite/whiteboard/Servlet/LessonPlanServlet.java
/Users/firemonk/Documents/MyProjects/server/myWebApp/src/main/java/com/innowhite/documentManager/Photos.java
/Users/firemonk/Documents/MyProjects/server/myWebApp/src/main/java/com/innowhite/whiteboard/persistence/beans/LessonPlanVO.java
/Users/firemonk/Documents/MyProjects/server/myWebApp/src/main/java/com/innowhite/whiteboard/Servlet/CreateSession.java
/Users/firemonk/Documents/MyProjects/server/myWebApp/src/main/java/com/innowhite/whiteboard/persistence/beans/VideoDataVO.java
/Users/firemonk/Documents/MyProjects/server/myWebApp/src/main/java/com/innowhite/transformation/messages/RoomNameMessageProducer.java
/Users/firemonk/Documents/MyProjects/server/myWebApp/src/main/java/com/innowhite/documentManager/descriptors/PhotosDescriptor.java
/Users/firemonk/Documents/MyProjects/server/myWebApp/src/main/java/com/innowhite/whiteboard/persistence/dao/CallBackUrlsDAO.java
/Users/firemonk/Documents/MyProjects/server/myWebApp/src/main/java/com/innowhite/whiteboard/Servlet/RoomStatusServlet.java
/Users/firemonk/Documents/MyProjects/server/myWebApp/src/main/java/com/innowhite/whiteboard/Servlet/ScreenShotServlet.java
/Users/firemonk/Documents/MyProjects/server/myWebApp/src/main/java/com/innowhite/whiteboard/Servlet/SaveAsImageServlet.java
/Users/firemonk/Documents/MyProjects/server/myWebApp/src/main/java/com/innowhite/whiteboard/Servlet/ViewRoomServlet.java
/Users/firemonk/Documents/MyProjects/server/myWebApp/src/main/java/com/innowhite/documentManager/Galleries.java
/Users/firemonk/Documents/MyProjects/server/myWebApp/src/main/java/com/innowhite/whiteboard/persistence/beans/UserImagesVO.java
/Users/firemonk/Documents/MyProjects/server/myWebApp/src/main/java/com/innowhite/whiteboard/Servlet/OrgManageServlet.java
/Users/firemonk/Documents/MyProjects/server/myWebApp/src/main/java/com/innowhite/transformation/messages/VideoNameMessageProducer.java
/Users/firemonk/Documents/MyProjects/server/myWebApp/src/main/java/com/innowhite/whiteboard/Servlet/TimeServlet.java
/Users/firemonk/Documents/MyProjects/server/myWebApp/src/main/java/com/innowhite/whiteboard/persistence/beans/LiveDocConversion.java
/Users/firemonk/Documents/MyProjects/server/myWebApp/src/main/java/com/innowhite/whiteboard/service/BusinessService.java
/Users/firemonk/Documents/MyProjects/server/myWebApp/src/main/java/com/innowhite/whiteboard/Servlet/WBLiveVideo.java
/Users/firemonk/Documents/MyProjects/server/myWebApp/src/main/java/com/innowhite/whiteboard/Servlet/UserImagesList.java
/Users/firemonk/Documents/MyProjects/server/myWebApp/src/main/java/com/innowhite/transformation/messages/SimpleMessageProducer.java
/Users/firemonk/Documents/MyProjects/server/myWebApp/src/main/java/com/innowhite/documentManager/descriptors/GalleryDescriptor.java
/Users/firemonk/Documents/MyProjects/server/myWebApp/src/main/java/com/innowhite/whiteboard/webservice/client/WebServiceTest.java
/Users/firemonk/Documents/MyProjects/server/myWebApp/src/main/java/com/innowhite/whiteboard/Servlet/SaveCurrentWB.java
/Users/firemonk/Documents/MyProjects/server/myWebApp/src/main/java/com/innowhite/whiteboard/persistence/beans/SessionRecordingDataVO.java
/Users/firemonk/Documents/MyProjects/server/myWebApp/src/main/java/com/innowhite/documentManager/Presentations.java
/Users/firemonk/Documents/MyProjects/server/myWebApp/src/main/java/com/innowhite/whiteboard/persistence/beans/WBDataVO.java
/Users/firemonk/Documents/MyProjects/server/myWebApp/src/main/java/com/innowhite/whiteboard/Servlet/MediaContent.java
/Users/firemonk/Documents/MyProjects/server/myWebApp/src/main/java/com/innowhite/whiteboard/persistence/beans/PlayBackPlayListVO.java
/Users/firemonk/Documents/MyProjects/server/myWebApp/src/main/java/com/innowhite/whiteboard/Servlet/WBDeployer.java
/Users/firemonk/Documents/MyProjects/server/myWebApp/src/main/java/com/innowhite/whiteboard/service/BeanService.java
/Users/firemonk/Documents/MyProjects/server/myWebApp/src/main/java/com/innowhite/documentManager/Exercise.java
/Users/firemonk/Documents/MyProjects/server/myWebApp/src/main/java/com/innowhite/whiteboard/service/LoadBalancerService.java
/Users/firemonk/Documents/MyProjects/server/myWebApp/src/main/java/com/innowhite/whiteboard/service/SessionDetailService.java
/Users/firemonk/Documents/MyProjects/server/myWebApp/src/main/java/com/innowhite/webservice/client/HttpClientTutorial.java
/Users/firemonk/Documents/MyProjects/server/myWebApp/src/main/java/com/innowhite/documentManager/descriptors/ExercisesDescriptor.java
/Users/firemonk/Documents/MyProjects/server/myWebApp/src/main/java/com/innowhite/whiteboard/Servlet/LessonDocumentXMLServlet.java
/Users/firemonk/Documents/MyProjects/server/myWebApp/src/main/java/com/innowhite/whiteboard/util/UploadImages.java
/Users/firemonk/Documents/MyProjects/server/myWebApp/src/main/java/com/innowhite/whiteboard/persistence/beans/ClientMediaVO.java
/Users/firemonk/Documents/MyProjects/server/myWebApp/src/main/java/com/innowhite/whiteboard/persistence/dao/CustomUserImagesDAO.java
/Users/firemonk/Documents/MyProjects/server/myWebApp/src/main/java/com/innowhite/whiteboard/util/InnowhiteProperties.java
/Users/firemonk/Documents/MyProjects/server/myWebApp/src/main/java/com/innowhite/whiteboard/exception/InnowhiteServiceException.java
/Users/firemonk/Documents/MyProjects/server/myWebApp/src/main/java/com/innowhite/whiteboard/util/WhiteBoardSHA1.java
/Users/firemonk/Documents/MyProjects/server/myWebApp/src/main/java/com/innowhite/whiteboard/service/OrgService.java
/Users/firemonk/Documents/MyProjects/server/myWebApp/src/main/java/com/innowhite/whiteboard/Servlet/JoinRoomServlet.java
/Users/firemonk/Documents/MyProjects/server/myWebApp/src/main/java/com/innowhite/whiteboard/Servlet/SessionRecording.java
/Users/firemonk/Documents/MyProjects/server/myWebApp/src/main/java/com/innowhite/whiteboard/Servlet/WTest.java
/Users/firemonk/Documents/MyProjects/server/myWebApp/src/main/java/com/innowhite/documentManager/Photo.java
/Users/firemonk/Documents/MyProjects/server/myWebApp/src/main/java/com/innowhite/whiteboard/service/LessonPlanGetDataService.java
/Users/firemonk/Documents/MyProjects/server/myWebApp/src/main/java/com/innowhite/whiteboard/persistence/dao/AudioDataDAO.java
/Users/firemonk/Documents/MyProjects/server/myWebApp/src/main/java/com/innowhite/whiteboard/Servlet/TestServlet.java
/Users/firemonk/Documents/MyProjects/server/myWebApp/src/main/java/com/innowhite/whiteboard/persistence/dao/WhiteboardAuthenticationDAOImpl.java
/Users/firemonk/Documents/MyProjects/server/myWebApp/src/main/java/com/innowhite/whiteboard/service/JoinRoomService.java
/Users/firemonk/Documents/MyProjects/server/myWebApp/src/main/java/com/innowhite/whiteboard/persistence/beans/RoomUsersVO.java
/Users/firemonk/Documents/MyProjects/server/myWebApp/src/main/java/com/innowhite/whiteboard/Servlet/PlayBackServlet.java
/Users/firemonk/Documents/MyProjects/server/myWebApp/src/main/java/com/innowhite/vo/RoomVO.java
/Users/firemonk/Documents/MyProjects/server/myWebApp/src/main/java/com/innowhite/whiteboard/Servlet/StreamVideoServlet.java
/Users/firemonk/Documents/MyProjects/server/myWebApp/src/main/java/com/innowhite/whiteboard/persistence/dao/SessionRecordingDAO.java
/Users/firemonk/Documents/MyProjects/server/myWebApp/src/main/java/com/innowhite/business/MakeSWFFiles.java
/Users/firemonk/Documents/MyProjects/server/myWebApp/src/main/java/com/innowhite/whiteboard/persistence/dao/RoomUsersDAO.java
/Users/firemonk/Documents/MyProjects/server/myWebApp/src/main/java/com/innowhite/vo/DocConversionBean.java
/Users/firemonk/Documents/MyProjects/server/myWebApp/src/main/java/com/innowhite/documentManager/Presentation.java
/Users/firemonk/Documents/MyProjects/server/myWebApp/src/main/java/com/innowhite/vo/ImageVO.java
/Users/firemonk/Documents/MyProjects/server/myWebApp/src/main/java/com/innowhite/whiteboard/webservice/client/IServiceClient.java
/Users/firemonk/Documents/MyProjects/server/myWebApp/src/main/java/com/innowhite/whiteboard/Servlet/WBFilter.java
/Users/firemonk/Documents/MyProjects/server/myWebApp/src/main/java/com/innowhite/whiteboard/service/WhiteboardAuthenticatorService.java
/Users/firemonk/Documents/MyProjects/server/myWebApp/src/main/java/com/innowhite/whiteboard/util/UserInfo.java
/Users/firemonk/Documents/MyProjects/server/myWebApp/src/main/java/com/innowhite/whiteboard/service/SessionRecordingService.java
/Users/firemonk/Documents/MyProjects/server/myWebApp/src/main/java/com/innowhite/whiteboard/test/InnowhiteServiceTest.java
/Users/firemonk/Documents/MyProjects/server/myWebApp/src/main/java/com/innowhite/whiteboard/persistence/dao/OrganizationDAO.java
/Users/firemonk/Documents/MyProjects/server/myWebApp/src/main/java/com/innowhite/whiteboard/persistence/dao/ConferenceMeetingDAO.java
/Users/firemonk/Documents/MyProjects/server/myWebApp/src/main/java/com/innowhite/test/WebServiceTest.java
/Users/firemonk/Documents/MyProjects/server/myWebApp/src/main/java/com/innowhite/vo/ChatVO.java
/Users/firemonk/Documents/MyProjects/server/myWebApp/src/main/java/com/innowhite/transformation/messages/MessagingMain.java
/Users/firemonk/Documents/MyProjects/server/myWebApp/src/main/java/com/innowhite/whiteboard/persistence/beans/ServerVO.java
/Users/firemonk/Documents/MyProjects/server/myWebApp/src/main/java/com/innowhite/whiteboard/HttpClient/HttpClientService.java
/Users/firemonk/Documents/MyProjects/server/myWebApp/src/main/java/com/innowhite/documentManager/Exercises.java
/Users/firemonk/Documents/MyProjects/server/myWebApp/src/main/java/com/innowhite/whiteboard/util/AeSimpleMD5.java
/Users/firemonk/Documents/MyProjects/server/myWebApp/src/main/java/com/innowhite/transformation/messages/TestServlet.java
/Users/firemonk/Documents/MyProjects/server/myWebApp/src/main/java/com/innowhite/whiteboard/service/WhiteboardToVideoService.java
/Users/firemonk/Documents/MyProjects/server/myWebApp/src/main/java/com/innowhite/documentManager/descriptors/PhotoDescriptor.java
