-outxml
-source
1.6
-target
1.6
-classpath
/Users/firemonk/.m2/repository/antlr/antlr/2.7.6/antlr-2.7.6.jar:/Users/firemonk/.m2/repository/aopalliance/aopalliance/1.0/aopalliance-1.0.jar:/Users/firemonk/.m2/repository/asm/asm/1.5.3/asm-1.5.3.jar:/Users/firemonk/.m2/repository/asm/asm-attrs/1.5.3/asm-attrs-1.5.3.jar:/Users/firemonk/.m2/repository/backport-util-concurrent/backport-util-concurrent/2.1/backport-util-concurrent-2.1.jar:/Users/firemonk/.m2/repository/cglib/cglib/2.1_3/cglib-2.1_3.jar:/Users/firemonk/.m2/repository/cglib/cglib-nodep/2.2/cglib-nodep-2.2.jar:/Users/firemonk/.m2/repository/commons-codec/commons-codec/1.3/commons-codec-1.3.jar:/Users/firemonk/.m2/repository/commons-collections/commons-collections/2.1.1/commons-collections-2.1.1.jar:/Users/firemonk/.m2/repository/commons-dbcp/commons-dbcp/1.3/commons-dbcp-1.3.jar:/Users/firemonk/.m2/repository/commons-logging/commons-logging/1.0.4/commons-logging-1.0.4.jar:/Users/firemonk/.m2/repository/commons-logging/commons-logging-api/1.1/commons-logging-api-1.1.jar:/Users/firemonk/.m2/repository/commons-pool/commons-pool/1.5.4/commons-pool-1.5.4.jar:/Users/firemonk/.m2/repository/dom4j/dom4j/1.6.1/dom4j-1.6.1.jar:/Users/firemonk/.m2/repository/javax/inject/javax.inject/1/javax.inject-1.jar:/Users/firemonk/.m2/repository/javax/persistence/persistence-api/1.0/persistence-api-1.0.jar:/Users/firemonk/.m2/repository/javax/servlet/jstl/1.2/jstl-1.2.jar:/Users/firemonk/.m2/repository/javax/servlet/servlet-api/2.5/servlet-api-2.5.jar:/Users/firemonk/.m2/repository/javax/servlet/jsp/jsp-api/2.1/jsp-api-2.1.jar:/Users/firemonk/.m2/repository/javax/transaction/jta/1.0.1B/jta-1.0.1B.jar:/Users/firemonk/.m2/repository/mysql/mysql-connector-java/5.1.13/mysql-connector-java-5.1.13.jar:/Users/firemonk/.m2/repository/net/sf/ehcache/ehcache/1.2.3/ehcache-1.2.3.jar:/Users/firemonk/.m2/repository/org/apache/activemq/activeio-core/3.1.0/activeio-core-3.1.0.jar:/Users/firemonk/.m2/repository/org/apache/activemq/activemq-all/5.4.2/activemq-all-5.4.2.jar:/Users/firemonk/.m2/repository/org/apache/activemq/activemq-core/5.2.0/activemq-core-5.2.0.jar:/Users/firemonk/.m2/repository/org/apache/camel/camel-core/1.5.0/camel-core-1.5.0.jar:/Users/firemonk/.m2/repository/org/apache/geronimo/specs/geronimo-j2ee-management_1.0_spec/1.0/geronimo-j2ee-management_1.0_spec-1.0.jar:/Users/firemonk/.m2/repository/org/apache/geronimo/specs/geronimo-jms_1.1_spec/1.1.1/geronimo-jms_1.1_spec-1.1.1.jar:/Users/firemonk/.m2/repository/org/apache/httpcomponents/httpclient/4.0.1/httpclient-4.0.1.jar:/Users/firemonk/.m2/repository/org/apache/httpcomponents/httpcore/4.0.1/httpcore-4.0.1.jar:/Users/firemonk/.m2/repository/org/aspectj/aspectjrt/1.6.9/aspectjrt-1.6.9.jar:/Users/firemonk/.m2/repository/org/hibernate/ejb3-persistence/1.0.1.GA/ejb3-persistence-1.0.1.GA.jar:/Users/firemonk/.m2/repository/org/hibernate/hibernate/3.2.6.ga/hibernate-3.2.6.ga.jar:/Users/firemonk/.m2/repository/org/hibernate/hibernate-annotations/3.3.1.GA/hibernate-annotations-3.3.1.GA.jar:/Users/firemonk/.m2/repository/org/hibernate/hibernate-commons-annotations/3.0.0.ga/hibernate-commons-annotations-3.0.0.ga.jar:/Users/firemonk/.m2/repository/org/slf4j/slf4j-api/1.5.10/slf4j-api-1.5.10.jar:/Users/firemonk/.m2/repository/org/springframework/spring-aop/3.0.4.RELEASE/spring-aop-3.0.4.RELEASE.jar:/Users/firemonk/.m2/repository/org/springframework/spring-asm/3.0.4.RELEASE/spring-asm-3.0.4.RELEASE.jar:/Users/firemonk/.m2/repository/org/springframework/spring-beans/3.0.4.RELEASE/spring-beans-3.0.4.RELEASE.jar:/Users/firemonk/.m2/repository/org/springframework/spring-context/3.0.4.RELEASE/spring-context-3.0.4.RELEASE.jar:/Users/firemonk/.m2/repository/org/springframework/spring-context-support/3.0.4.RELEASE/spring-context-support-3.0.4.RELEASE.jar:/Users/firemonk/.m2/repository/org/springframework/spring-core/3.0.4.RELEASE/spring-core-3.0.4.RELEASE.jar:/Users/firemonk/.m2/repository/org/springframework/spring-expression/3.0.4.RELEASE/spring-expression-3.0.4.RELEASE.jar:/Users/firemonk/.m2/repository/org/springframework/spring-jdbc/3.0.5.RELEASE/spring-jdbc-3.0.5.RELEASE.jar:/Users/firemonk/.m2/repository/org/springframework/spring-jms/3.0.5.RELEASE/spring-jms-3.0.5.RELEASE.jar:/Users/firemonk/.m2/repository/org/springframework/spring-orm/3.0.5.RELEASE/spring-orm-3.0.5.RELEASE.jar:/Users/firemonk/.m2/repository/org/springframework/spring-test/3.0.5.RELEASE/spring-test-3.0.5.RELEASE.jar:/Users/firemonk/.m2/repository/org/springframework/spring-tx/3.0.5.RELEASE/spring-tx-3.0.5.RELEASE.jar:/Users/firemonk/.m2/repository/org/springframework/spring-web/3.0.4.RELEASE/spring-web-3.0.4.RELEASE.jar:/Users/firemonk/.m2/repository/org/springframework/spring-webmvc/3.0.4.RELEASE/spring-webmvc-3.0.4.RELEASE.jar:/Users/firemonk/.m2/repository/org/springframework/roo/org.springframework.roo.annotations/1.0.2.RELEASE/org.springframework.roo.annotations-1.0.2.RELEASE.jar:/Users/firemonk/Documents/MyProjects/server/BtachWebProject/target/classes
-d
/Users/firemonk/Documents/MyProjects/server/BtachWebProject/target/classes
/Users/firemonk/Documents/MyProjects/server/BtachWebProject/src/main/java/com/innowhite/PlaybackApp/dao/WhiteboardDataDao.java
/Users/firemonk/Documents/MyProjects/server/BtachWebProject/src/main/java/com/innowhite/PlaybackApp/model/PlayBackPlayList.java
/Users/firemonk/Documents/MyProjects/server/BtachWebProject/src/main/java/com/innowhite/PlaybackApp/util/PlaybackVO.java
/Users/firemonk/Documents/MyProjects/server/BtachWebProject/src/main/java/com/innowhite/PlaybackApp/util/ProcessExecutor.java
/Users/firemonk/Documents/MyProjects/server/BtachWebProject/src/main/java/com/innowhite/PlaybackApp/util/PlaybackUtil.java
/Users/firemonk/Documents/MyProjects/server/BtachWebProject/src/main/java/com/innowhite/PlaybackApp/HomeController.java
/Users/firemonk/Documents/MyProjects/server/BtachWebProject/src/main/java/com/innowhite/PlaybackApp/model/SessionBucket.java
/Users/firemonk/Documents/MyProjects/server/BtachWebProject/src/main/java/com/innowhite/PlaybackApp/model/SessionRecordings.java
/Users/firemonk/Documents/MyProjects/server/BtachWebProject/src/main/java/com/innowhite/PlaybackApp/dao/VideoDataDao.java
/Users/firemonk/Documents/MyProjects/server/BtachWebProject/src/main/java/com/innowhite/PlaybackApp/model/VideoData.java
/Users/firemonk/Documents/MyProjects/server/BtachWebProject/src/main/java/com/innowhite/PlaybackApp/dao/AudioDataDao.java
/Users/firemonk/Documents/MyProjects/server/BtachWebProject/src/main/java/com/innowhite/PlaybackApp/service/PlaybackDataService.java
/Users/firemonk/Documents/MyProjects/server/BtachWebProject/src/main/java/com/innowhite/PlaybackApp/dao/SessionRecordingDao.java
/Users/firemonk/Documents/MyProjects/server/BtachWebProject/src/main/java/com/innowhite/PlaybackApp/model/AudioData.java
/Users/firemonk/Documents/MyProjects/server/BtachWebProject/src/main/java/com/innowhite/PlaybackApp/dao/PlayBackPlayListDao.java
/Users/firemonk/Documents/MyProjects/server/BtachWebProject/src/main/java/com/innowhite/PlaybackApp/util/MakeExectuable.java
/Users/firemonk/Documents/MyProjects/server/BtachWebProject/src/main/java/com/innowhite/PlaybackApp/model/WhitebordDTO.java
/Users/firemonk/Documents/MyProjects/server/BtachWebProject/src/main/java/com/innowhite/PlaybackApp/model/WhiteboardData.java
